<?xml version="1.0" encoding="UTF-8"?>
<testsuites>
  <testsuite name="CodeIgniter Application Test Suite" tests="48" assertions="60" failures="0" errors="0" time="3.619555">
    <testsuite name="Admin_test" file="C:\xampp\htdocs\Dolly\application\tests\controllers\Admin_test.php" fullPackage="Admin" tests="6" assertions="8" failures="0" errors="0" time="0.962189">
      <testcase name="test_index" class="Admin_test" file="C:\xampp\htdocs\Dolly\application\tests\controllers\Admin_test.php" line="10" assertions="1" time="0.233384"/>
      <testcase name="test_admin_login" class="Admin_test" file="C:\xampp\htdocs\Dolly\application\tests\controllers\Admin_test.php" line="16" assertions="1" time="0.401880"/>
      <testcase name="test_admin_login_fail" class="Admin_test" file="C:\xampp\htdocs\Dolly\application\tests\controllers\Admin_test.php" line="26" assertions="1" time="0.076815"/>
      <testcase name="test_tabpesanan" class="Admin_test" file="C:\xampp\htdocs\Dolly\application\tests\controllers\Admin_test.php" line="36" assertions="1" time="0.105207"/>
      <testcase name="test_updateStatus" class="Admin_test" file="C:\xampp\htdocs\Dolly\application\tests\controllers\Admin_test.php" line="44" assertions="1" time="0.078466"/>
      <testcase name="test_logout" class="Admin_test" file="C:\xampp\htdocs\Dolly\application\tests\controllers\Admin_test.php" line="52" assertions="3" time="0.066437"/>
    </testsuite>
    <testsuite name="Home_test" file="C:\xampp\htdocs\Dolly\application\tests\controllers\Home_test.php" fullPackage="Home" tests="14" assertions="14" failures="0" errors="0" time="0.771634">
      <testcase name="test_home" class="Home_test" file="C:\xampp\htdocs\Dolly\application\tests\controllers\Home_test.php" line="13" assertions="1" time="0.116326"/>
      <testcase name="test_menu" class="Home_test" file="C:\xampp\htdocs\Dolly\application\tests\controllers\Home_test.php" line="19" assertions="1" time="0.087443"/>
      <testcase name="test_visitdol" class="Home_test" file="C:\xampp\htdocs\Dolly\application\tests\controllers\Home_test.php" line="25" assertions="1" time="0.039402"/>
      <testcase name="test_makanan" class="Home_test" file="C:\xampp\htdocs\Dolly\application\tests\controllers\Home_test.php" line="31" assertions="1" time="0.105368"/>
      <testcase name="test_makanan_menu" class="Home_test" file="C:\xampp\htdocs\Dolly\application\tests\controllers\Home_test.php" line="39" assertions="1" time="0.050757"/>
      <testcase name="test_viewKain" class="Home_test" file="C:\xampp\htdocs\Dolly\application\tests\controllers\Home_test.php" line="47" assertions="1" time="0.062704"/>
      <testcase name="test_viewSepatu" class="Home_test" file="C:\xampp\htdocs\Dolly\application\tests\controllers\Home_test.php" line="55" assertions="1" time="0.049649"/>
      <testcase name="test_aboutuslog" class="Home_test" file="C:\xampp\htdocs\Dolly\application\tests\controllers\Home_test.php" line="63" assertions="1" time="0.055132"/>
      <testcase name="test_aboutus" class="Home_test" file="C:\xampp\htdocs\Dolly\application\tests\controllers\Home_test.php" line="70" assertions="1" time="0.053620"/>
      <testcase name="test_visitdolog" class="Home_test" file="C:\xampp\htdocs\Dolly\application\tests\controllers\Home_test.php" line="77" assertions="1" time="0.040161"/>
      <testcase name="test_pesan" class="Home_test" file="C:\xampp\htdocs\Dolly\application\tests\controllers\Home_test.php" line="83" assertions="1" time="0.036261"/>
      <testcase name="test_order" class="Home_test" file="C:\xampp\htdocs\Dolly\application\tests\controllers\Home_test.php" line="89" assertions="1" time="0.034187"/>
      <testcase name="test_method_404" class="Home_test" file="C:\xampp\htdocs\Dolly\application\tests\controllers\Home_test.php" line="96" assertions="1" time="0.034546"/>
      <testcase name="test_APPPATH" class="Home_test" file="C:\xampp\htdocs\Dolly\application\tests\controllers\Home_test.php" line="102" assertions="1" time="0.006078"/>
    </testsuite>
    <testsuite name="MyController_test" file="C:\xampp\htdocs\Dolly\application\tests\controllers\MyController_test.php" fullPackage="MyController" tests="16" assertions="26" failures="0" errors="0" time="0.968763">
      <testcase name="test_index" class="MyController_test" file="C:\xampp\htdocs\Dolly\application\tests\controllers\MyController_test.php" line="17" assertions="1" time="0.108764"/>
      <testcase name="test_home" class="MyController_test" file="C:\xampp\htdocs\Dolly\application\tests\controllers\MyController_test.php" line="21" assertions="1" time="0.050738"/>
      <testcase name="test_login" class="MyController_test" file="C:\xampp\htdocs\Dolly\application\tests\controllers\MyController_test.php" line="26" assertions="1" time="0.060388"/>
      <testcase name="test_login_kosong" class="MyController_test" file="C:\xampp\htdocs\Dolly\application\tests\controllers\MyController_test.php" line="35" assertions="2" time="0.053215"/>
      <testcase name="test_login_kosongpass" class="MyController_test" file="C:\xampp\htdocs\Dolly\application\tests\controllers\MyController_test.php" line="45" assertions="2" time="0.052218"/>
      <testcase name="test_login_kosonguser" class="MyController_test" file="C:\xampp\htdocs\Dolly\application\tests\controllers\MyController_test.php" line="55" assertions="2" time="0.050647"/>
      <testcase name="test_login_gagal" class="MyController_test" file="C:\xampp\htdocs\Dolly\application\tests\controllers\MyController_test.php" line="65" assertions="2" time="0.048693"/>
      <testcase name="test_logout" class="MyController_test" file="C:\xampp\htdocs\Dolly\application\tests\controllers\MyController_test.php" line="75" assertions="3" time="0.046242"/>
      <testcase name="test_createuser" class="MyController_test" file="C:\xampp\htdocs\Dolly\application\tests\controllers\MyController_test.php" line="83" assertions="1" time="0.076901"/>
      <testcase name="test_createuser_usernamesama" class="MyController_test" file="C:\xampp\htdocs\Dolly\application\tests\controllers\MyController_test.php" line="98" assertions="1" time="0.071047"/>
      <testcase name="test_createuser_notvalid" class="MyController_test" file="C:\xampp\htdocs\Dolly\application\tests\controllers\MyController_test.php" line="113" assertions="2" time="0.071766"/>
      <testcase name="test_createuser_emailtdksesuai" class="MyController_test" file="C:\xampp\htdocs\Dolly\application\tests\controllers\MyController_test.php" line="128" assertions="2" time="0.071513"/>
      <testcase name="test_createuser_phonekosong" class="MyController_test" file="C:\xampp\htdocs\Dolly\application\tests\controllers\MyController_test.php" line="143" assertions="2" time="0.075590"/>
      <testcase name="test_createuser_kosongsemua" class="MyController_test" file="C:\xampp\htdocs\Dolly\application\tests\controllers\MyController_test.php" line="158" assertions="2" time="0.063302"/>
      <testcase name="test_method_404" class="MyController_test" file="C:\xampp\htdocs\Dolly\application\tests\controllers\MyController_test.php" line="173" assertions="1" time="0.042403"/>
      <testcase name="test_APPPATH" class="MyController_test" file="C:\xampp\htdocs\Dolly\application\tests\controllers\MyController_test.php" line="179" assertions="1" time="0.025336"/>
    </testsuite>
    <testsuite name="Product_test" file="C:\xampp\htdocs\Dolly\application\tests\controllers\Product_test.php" fullPackage="Product" tests="7" assertions="5" failures="0" errors="0" time="0.552211">
      <testcase name="test_index" class="Product_test" file="C:\xampp\htdocs\Dolly\application\tests\controllers\Product_test.php" line="22" assertions="1" time="0.082556"/>
      <testcase name="test_readProduct" class="Product_test" file="C:\xampp\htdocs\Dolly\application\tests\controllers\Product_test.php" line="29" assertions="1" time="0.080663"/>
      <testcase name="test_addProduct_gagal" class="Product_test" file="C:\xampp\htdocs\Dolly\application\tests\controllers\Product_test.php" line="35" assertions="0" time="0.096122"/>
      <testcase name="test_addProduct" class="Product_test" file="C:\xampp\htdocs\Dolly\application\tests\controllers\Product_test.php" line="57" assertions="0" time="0.094468"/>
      <testcase name="test_do_delete" class="Product_test" file="C:\xampp\htdocs\Dolly\application\tests\controllers\Product_test.php" line="81" assertions="2" time="0.053469"/>
      <testcase name="test_do_update" class="Product_test" file="C:\xampp\htdocs\Dolly\application\tests\controllers\Product_test.php" line="92" assertions="1" time="0.058452"/>
      <testcase name="test_Updatedata_tanpaFoto" class="Product_test" file="C:\xampp\htdocs\Dolly\application\tests\controllers\Product_test.php" line="100" assertions="0" time="0.086481"/>
    </testsuite>
    <testsuite name="ShoppingCart_test" file="C:\xampp\htdocs\Dolly\application\tests\controllers\ShoppingCart_test.php" fullPackage="ShoppingCart" tests="5" assertions="7" failures="0" errors="0" time="0.364758">
      <testcase name="test_beli" class="ShoppingCart_test" file="C:\xampp\htdocs\Dolly\application\tests\controllers\ShoppingCart_test.php" line="24" assertions="1" time="0.077053"/>
      <testcase name="test_clear_cart" class="ShoppingCart_test" file="C:\xampp\htdocs\Dolly\application\tests\controllers\ShoppingCart_test.php" line="35" assertions="2" time="0.072472"/>
      <testcase name="test_addOrder_cartkosong" class="ShoppingCart_test" file="C:\xampp\htdocs\Dolly\application\tests\controllers\ShoppingCart_test.php" line="44" assertions="2" time="0.046989"/>
      <testcase name="test_addOrder" class="ShoppingCart_test" file="C:\xampp\htdocs\Dolly\application\tests\controllers\ShoppingCart_test.php" line="55" assertions="1" time="0.100748"/>
      <testcase name="test_addOrder_fail" class="ShoppingCart_test" file="C:\xampp\htdocs\Dolly\application\tests\controllers\ShoppingCart_test.php" line="65" assertions="1" time="0.067496"/>
    </testsuite>
    <testsuite name="Kos_model_test" file="C:\xampp\htdocs\Dolly\application\tests\models\Model_test.php" fullPackage="Kos.model" tests="0" assertions="0" failures="0" errors="0" time="0.000000"/>
  </testsuite>
</testsuites>
