<?xml version="1.0" encoding="UTF-8"?>
<testsuites>
  <testsuite name="CodeIgniter Application Test Suite" tests="44" assertions="53" failures="0" errors="0" time="3.052033">
    <testsuite name="Admin_test" file="C:\xampp\htdocs\Dolly\application\tests\controllers\Admin_test.php" fullPackage="Admin" tests="6" assertions="8" failures="0" errors="0" time="0.832771">
      <testcase name="test_index" class="Admin_test" file="C:\xampp\htdocs\Dolly\application\tests\controllers\Admin_test.php" line="10" assertions="1" time="0.197199"/>
      <testcase name="test_admin_login" class="Admin_test" file="C:\xampp\htdocs\Dolly\application\tests\controllers\Admin_test.php" line="16" assertions="1" time="0.301674"/>
      <testcase name="test_admin_login_fail" class="Admin_test" file="C:\xampp\htdocs\Dolly\application\tests\controllers\Admin_test.php" line="26" assertions="1" time="0.094734"/>
      <testcase name="test_tabpesanan" class="Admin_test" file="C:\xampp\htdocs\Dolly\application\tests\controllers\Admin_test.php" line="36" assertions="1" time="0.088598"/>
      <testcase name="test_updateStatus" class="Admin_test" file="C:\xampp\htdocs\Dolly\application\tests\controllers\Admin_test.php" line="44" assertions="1" time="0.080476"/>
      <testcase name="test_logout" class="Admin_test" file="C:\xampp\htdocs\Dolly\application\tests\controllers\Admin_test.php" line="52" assertions="3" time="0.070090"/>
    </testsuite>
    <testsuite name="Home_test" file="C:\xampp\htdocs\Dolly\application\tests\controllers\Home_test.php" fullPackage="Home" tests="14" assertions="14" failures="0" errors="0" time="0.588693">
      <testcase name="test_home" class="Home_test" file="C:\xampp\htdocs\Dolly\application\tests\controllers\Home_test.php" line="13" assertions="1" time="0.044323"/>
      <testcase name="test_menu" class="Home_test" file="C:\xampp\htdocs\Dolly\application\tests\controllers\Home_test.php" line="19" assertions="1" time="0.043276"/>
      <testcase name="test_visitdol" class="Home_test" file="C:\xampp\htdocs\Dolly\application\tests\controllers\Home_test.php" line="25" assertions="1" time="0.035517"/>
      <testcase name="test_makanan" class="Home_test" file="C:\xampp\htdocs\Dolly\application\tests\controllers\Home_test.php" line="31" assertions="1" time="0.048345"/>
      <testcase name="test_makanan_menu" class="Home_test" file="C:\xampp\htdocs\Dolly\application\tests\controllers\Home_test.php" line="39" assertions="1" time="0.048201"/>
      <testcase name="test_viewKain" class="Home_test" file="C:\xampp\htdocs\Dolly\application\tests\controllers\Home_test.php" line="47" assertions="1" time="0.043505"/>
      <testcase name="test_viewSepatu" class="Home_test" file="C:\xampp\htdocs\Dolly\application\tests\controllers\Home_test.php" line="55" assertions="1" time="0.040655"/>
      <testcase name="test_aboutuslog" class="Home_test" file="C:\xampp\htdocs\Dolly\application\tests\controllers\Home_test.php" line="63" assertions="1" time="0.037408"/>
      <testcase name="test_aboutus" class="Home_test" file="C:\xampp\htdocs\Dolly\application\tests\controllers\Home_test.php" line="70" assertions="1" time="0.042726"/>
      <testcase name="test_visitdolog" class="Home_test" file="C:\xampp\htdocs\Dolly\application\tests\controllers\Home_test.php" line="77" assertions="1" time="0.051613"/>
      <testcase name="test_pesan" class="Home_test" file="C:\xampp\htdocs\Dolly\application\tests\controllers\Home_test.php" line="83" assertions="1" time="0.059339"/>
      <testcase name="test_order" class="Home_test" file="C:\xampp\htdocs\Dolly\application\tests\controllers\Home_test.php" line="89" assertions="1" time="0.052713"/>
      <testcase name="test_method_404" class="Home_test" file="C:\xampp\htdocs\Dolly\application\tests\controllers\Home_test.php" line="96" assertions="1" time="0.035560"/>
      <testcase name="test_APPPATH" class="Home_test" file="C:\xampp\htdocs\Dolly\application\tests\controllers\Home_test.php" line="102" assertions="1" time="0.005512"/>
    </testsuite>
    <testsuite name="MyController_test" file="C:\xampp\htdocs\Dolly\application\tests\controllers\MyController_test.php" fullPackage="MyController" tests="12" assertions="19" failures="0" errors="0" time="0.667207">
      <testcase name="test_index" class="MyController_test" file="C:\xampp\htdocs\Dolly\application\tests\controllers\MyController_test.php" line="17" assertions="1" time="0.049280"/>
      <testcase name="test_home" class="MyController_test" file="C:\xampp\htdocs\Dolly\application\tests\controllers\MyController_test.php" line="21" assertions="1" time="0.059297"/>
      <testcase name="test_login" class="MyController_test" file="C:\xampp\htdocs\Dolly\application\tests\controllers\MyController_test.php" line="26" assertions="1" time="0.060648"/>
      <testcase name="test_login_kosong" class="MyController_test" file="C:\xampp\htdocs\Dolly\application\tests\controllers\MyController_test.php" line="36" assertions="2" time="0.054006"/>
      <testcase name="test_login_kosongpass" class="MyController_test" file="C:\xampp\htdocs\Dolly\application\tests\controllers\MyController_test.php" line="46" assertions="2" time="0.052304"/>
      <testcase name="test_login_kosonguser" class="MyController_test" file="C:\xampp\htdocs\Dolly\application\tests\controllers\MyController_test.php" line="56" assertions="2" time="0.053555"/>
      <testcase name="test_login_gagal" class="MyController_test" file="C:\xampp\htdocs\Dolly\application\tests\controllers\MyController_test.php" line="66" assertions="2" time="0.050860"/>
      <testcase name="test_logout" class="MyController_test" file="C:\xampp\htdocs\Dolly\application\tests\controllers\MyController_test.php" line="76" assertions="3" time="0.063999"/>
      <testcase name="test_createuser" class="MyController_test" file="C:\xampp\htdocs\Dolly\application\tests\controllers\MyController_test.php" line="84" assertions="1" time="0.078714"/>
      <testcase name="test_createuser_notvalid" class="MyController_test" file="C:\xampp\htdocs\Dolly\application\tests\controllers\MyController_test.php" line="99" assertions="2" time="0.068872"/>
      <testcase name="test_method_404" class="MyController_test" file="C:\xampp\htdocs\Dolly\application\tests\controllers\MyController_test.php" line="114" assertions="1" time="0.044415"/>
      <testcase name="test_APPPATH" class="MyController_test" file="C:\xampp\htdocs\Dolly\application\tests\controllers\MyController_test.php" line="120" assertions="1" time="0.031257"/>
    </testsuite>
    <testsuite name="Product_test" file="C:\xampp\htdocs\Dolly\application\tests\controllers\Product_test.php" fullPackage="Product" tests="7" assertions="5" failures="0" errors="0" time="0.573128">
      <testcase name="test_index" class="Product_test" file="C:\xampp\htdocs\Dolly\application\tests\controllers\Product_test.php" line="22" assertions="1" time="0.094602"/>
      <testcase name="test_readProduct" class="Product_test" file="C:\xampp\htdocs\Dolly\application\tests\controllers\Product_test.php" line="29" assertions="1" time="0.084334"/>
      <testcase name="test_addProduct_gagal" class="Product_test" file="C:\xampp\htdocs\Dolly\application\tests\controllers\Product_test.php" line="35" assertions="0" time="0.094758"/>
      <testcase name="test_addProduct" class="Product_test" file="C:\xampp\htdocs\Dolly\application\tests\controllers\Product_test.php" line="57" assertions="0" time="0.088619"/>
      <testcase name="test_do_delete" class="Product_test" file="C:\xampp\htdocs\Dolly\application\tests\controllers\Product_test.php" line="81" assertions="2" time="0.052842"/>
      <testcase name="test_do_update" class="Product_test" file="C:\xampp\htdocs\Dolly\application\tests\controllers\Product_test.php" line="92" assertions="1" time="0.071841"/>
      <testcase name="test_Updatedata_tanpaFoto" class="Product_test" file="C:\xampp\htdocs\Dolly\application\tests\controllers\Product_test.php" line="100" assertions="0" time="0.086132"/>
    </testsuite>
    <testsuite name="ShoppingCart_test" file="C:\xampp\htdocs\Dolly\application\tests\controllers\ShoppingCart_test.php" fullPackage="ShoppingCart" tests="5" assertions="7" failures="0" errors="0" time="0.390233">
      <testcase name="test_beli" class="ShoppingCart_test" file="C:\xampp\htdocs\Dolly\application\tests\controllers\ShoppingCart_test.php" line="24" assertions="1" time="0.086091"/>
      <testcase name="test_clear_cart" class="ShoppingCart_test" file="C:\xampp\htdocs\Dolly\application\tests\controllers\ShoppingCart_test.php" line="35" assertions="2" time="0.073974"/>
      <testcase name="test_addOrder_cartkosong" class="ShoppingCart_test" file="C:\xampp\htdocs\Dolly\application\tests\controllers\ShoppingCart_test.php" line="44" assertions="2" time="0.047743"/>
      <testcase name="test_addOrder" class="ShoppingCart_test" file="C:\xampp\htdocs\Dolly\application\tests\controllers\ShoppingCart_test.php" line="55" assertions="1" time="0.106265"/>
      <testcase name="test_addOrder_fail" class="ShoppingCart_test" file="C:\xampp\htdocs\Dolly\application\tests\controllers\ShoppingCart_test.php" line="65" assertions="1" time="0.076160"/>
    </testsuite>
    <testsuite name="Kos_model_test" file="C:\xampp\htdocs\Dolly\application\tests\models\Model_test.php" fullPackage="Kos.model" tests="0" assertions="0" failures="0" errors="0" time="0.000000"/>
  </testsuite>
</testsuites>
